<?xml version="1.0" encoding="UTF-8"?>
<!-- Generated by org.testng.reporters.JUnitReportReporter -->
<testsuite hostname="IN3156331W1" failures="0" tests="6" name="SearchTests.SearchTestData" time="7.527" errors="0" timestamp="2022-01-16T19:08:31 IST" skipped="0">
  <testcase classname="SearchTests.SearchTestData" name="searchForVideos" time="0.276"/>
  <system-out/>
  <testcase classname="SearchTests.SearchTestData" name="searchInfo" time="3.044"/>
  <system-out/>
  <testcase classname="SearchTests.SearchTestData" name="totalNoOfVideos" time="0.489"/>
  <system-out/>
  <testcase classname="SearchTests.SearchTestData" name="totalNoOfVideos" time="0.482"/>
  <system-out/>
  <testcase classname="SearchTests.SearchTestData" name="searchForVideos" time="0.251"/>
  <system-out/>
  <testcase classname="SearchTests.SearchTestData" name="searchInfo" time="2.985"/>
  <system-out/>
</testsuite> <!-- SearchTests.SearchTestData -->
