<?xml version="1.0" encoding="UTF-8"?>
<!-- Generated by org.testng.reporters.JUnitReportReporter -->
<testsuite skipped="0" hostname="5feba7fc3456" name="SearchTests.SearchTestData" tests="12" failures="0" timestamp="2022-01-18T04:11:28 GMT" time="12.630" errors="0">
  <testcase name="searchForVideos" time="0.125" classname="SearchTests.SearchTestData"/>
  <system-out/>
  <testcase name="searchForVideos" time="0.133" classname="SearchTests.SearchTestData"/>
  <system-out/>
  <testcase name="totalNoOfVideos" time="0.682" classname="SearchTests.SearchTestData"/>
  <system-out/>
  <testcase name="searchInfo" time="2.759" classname="SearchTests.SearchTestData"/>
  <system-out/>
  <testcase name="searchInfo" time="2.159" classname="SearchTests.SearchTestData"/>
  <system-out/>
  <testcase name="totalNoOfVideos" time="0.637" classname="SearchTests.SearchTestData"/>
  <system-out/>
  <testcase name="totalNoOfVideos" time="0.564" classname="SearchTests.SearchTestData"/>
  <system-out/>
  <testcase name="searchForVideos" time="0.132" classname="SearchTests.SearchTestData"/>
  <system-out/>
  <testcase name="searchInfo" time="2.308" classname="SearchTests.SearchTestData"/>
  <system-out/>
  <testcase name="searchInfo" time="2.428" classname="SearchTests.SearchTestData"/>
  <system-out/>
  <testcase name="searchForVideos" time="0.133" classname="SearchTests.SearchTestData"/>
  <system-out/>
  <testcase name="totalNoOfVideos" time="0.570" classname="SearchTests.SearchTestData"/>
  <system-out/>
</testsuite> <!-- SearchTests.SearchTestData -->
